C:\USERS\SIDNEY\DOCUMENTS\VISUAL STUDIO 2012\PROJECTS\P6320\P6320\DEBUG\P6320.PCH
C:\USERS\SIDNEY\DOCUMENTS\VISUAL STUDIO 2012\PROJECTS\P6320\P6320\DEBUG\STDAFX.OBJ
C:\USERS\SIDNEY\DOCUMENTS\VISUAL STUDIO 2012\PROJECTS\P6320\P6320\DEBUG\VC110.PDB
C:\USERS\SIDNEY\DOCUMENTS\VISUAL STUDIO 2012\PROJECTS\P6320\P6320\DEBUG\CBUS.OBJ
C:\USERS\SIDNEY\DOCUMENTS\VISUAL STUDIO 2012\PROJECTS\P6320\P6320\DEBUG\P6320.OBJ
C:\USERS\SIDNEY\DOCUMENTS\VISUAL STUDIO 2012\PROJECTS\P6320\DEBUG\P6320.ILK
C:\USERS\SIDNEY\DOCUMENTS\VISUAL STUDIO 2012\PROJECTS\P6320\DEBUG\P6320.EXE
C:\USERS\SIDNEY\DOCUMENTS\VISUAL STUDIO 2012\PROJECTS\P6320\DEBUG\P6320.PDB
C:\Users\Sidney\Documents\Visual Studio 2012\Projects\P6320\P6320\Debug\CBus.obj
C:\Users\Sidney\Documents\Visual Studio 2012\Projects\P6320\P6320\Debug\P6320.obj
C:\Users\Sidney\Documents\Visual Studio 2012\Projects\P6320\P6320\Debug\stdafx.obj
C:\Users\Sidney\Documents\Visual Studio 2012\Projects\P6320\P6320\Debug\cl.command.1.tlog
C:\Users\Sidney\Documents\Visual Studio 2012\Projects\P6320\P6320\Debug\CL.read.1.tlog
C:\Users\Sidney\Documents\Visual Studio 2012\Projects\P6320\P6320\Debug\CL.write.1.tlog
C:\Users\Sidney\Documents\Visual Studio 2012\Projects\P6320\P6320\Debug\link-cvtres.read.1.tlog
C:\Users\Sidney\Documents\Visual Studio 2012\Projects\P6320\P6320\Debug\link-cvtres.write.1.tlog
C:\Users\Sidney\Documents\Visual Studio 2012\Projects\P6320\P6320\Debug\link-rc.read.1.tlog
C:\Users\Sidney\Documents\Visual Studio 2012\Projects\P6320\P6320\Debug\link-rc.write.1.tlog
C:\Users\Sidney\Documents\Visual Studio 2012\Projects\P6320\P6320\Debug\link.command.1.tlog
C:\Users\Sidney\Documents\Visual Studio 2012\Projects\P6320\P6320\Debug\link.read.1.tlog
C:\Users\Sidney\Documents\Visual Studio 2012\Projects\P6320\P6320\Debug\link.write.1.tlog
C:\Users\Sidney\Documents\Visual Studio 2012\Projects\P6320\P6320\Debug\P6320.pch
C:\Users\Sidney\Documents\Visual Studio 2012\Projects\P6320\P6320\Debug\vc110.idb
C:\Users\Sidney\Documents\Visual Studio 2012\Projects\P6320\P6320\Debug\vc110.pdb
C:\Users\Sidney\Documents\Visual Studio 2012\Projects\P6320\Debug\P6320.pdb
C:\Users\Sidney\Documents\Visual Studio 2012\Projects\P6320\Debug\P6320.exe
C:\Users\Sidney\Documents\Visual Studio 2012\Projects\P6320\Debug\P6320.ilk
