C:\USERS\SIDNEY\DOCUMENTS\VISUAL STUDIO 2012\PROJECTS\P6320Q\P6320Q\DEBUG\P6320Q.PCH
C:\USERS\SIDNEY\DOCUMENTS\VISUAL STUDIO 2012\PROJECTS\P6320Q\P6320Q\DEBUG\STDAFX.OBJ
C:\USERS\SIDNEY\DOCUMENTS\VISUAL STUDIO 2012\PROJECTS\P6320Q\P6320Q\DEBUG\VC110.PDB
C:\USERS\SIDNEY\DOCUMENTS\VISUAL STUDIO 2012\PROJECTS\P6320Q\P6320Q\DEBUG\CBUS.OBJ
C:\USERS\SIDNEY\DOCUMENTS\VISUAL STUDIO 2012\PROJECTS\P6320Q\P6320Q\DEBUG\P6320Q.OBJ
C:\USERS\SIDNEY\DOCUMENTS\VISUAL STUDIO 2012\PROJECTS\P6320Q\DEBUG\P6320Q.ILK
C:\USERS\SIDNEY\DOCUMENTS\VISUAL STUDIO 2012\PROJECTS\P6320Q\DEBUG\P6320Q.EXE
C:\USERS\SIDNEY\DOCUMENTS\VISUAL STUDIO 2012\PROJECTS\P6320Q\DEBUG\P6320Q.PDB
C:\Users\Sidney\Documents\Visual Studio 2012\Projects\P6320Q\P6320Q\Debug\CBus.obj
C:\Users\Sidney\Documents\Visual Studio 2012\Projects\P6320Q\P6320Q\Debug\P6320Q.obj
C:\Users\Sidney\Documents\Visual Studio 2012\Projects\P6320Q\P6320Q\Debug\stdafx.obj
C:\Users\Sidney\Documents\Visual Studio 2012\Projects\P6320Q\P6320Q\Debug\cl.command.1.tlog
C:\Users\Sidney\Documents\Visual Studio 2012\Projects\P6320Q\P6320Q\Debug\CL.read.1.tlog
C:\Users\Sidney\Documents\Visual Studio 2012\Projects\P6320Q\P6320Q\Debug\CL.write.1.tlog
C:\Users\Sidney\Documents\Visual Studio 2012\Projects\P6320Q\P6320Q\Debug\link-cvtres.read.1.tlog
C:\Users\Sidney\Documents\Visual Studio 2012\Projects\P6320Q\P6320Q\Debug\link-cvtres.write.1.tlog
C:\Users\Sidney\Documents\Visual Studio 2012\Projects\P6320Q\P6320Q\Debug\link-rc.read.1.tlog
C:\Users\Sidney\Documents\Visual Studio 2012\Projects\P6320Q\P6320Q\Debug\link-rc.write.1.tlog
C:\Users\Sidney\Documents\Visual Studio 2012\Projects\P6320Q\P6320Q\Debug\link.5636-cvtres.read.1.tlog
C:\Users\Sidney\Documents\Visual Studio 2012\Projects\P6320Q\P6320Q\Debug\link.5636-cvtres.write.1.tlog
C:\Users\Sidney\Documents\Visual Studio 2012\Projects\P6320Q\P6320Q\Debug\link.5636-rc.read.1.tlog
C:\Users\Sidney\Documents\Visual Studio 2012\Projects\P6320Q\P6320Q\Debug\link.5636-rc.write.1.tlog
C:\Users\Sidney\Documents\Visual Studio 2012\Projects\P6320Q\P6320Q\Debug\link.5636.read.1.tlog
C:\Users\Sidney\Documents\Visual Studio 2012\Projects\P6320Q\P6320Q\Debug\link.5636.write.1.tlog
C:\Users\Sidney\Documents\Visual Studio 2012\Projects\P6320Q\P6320Q\Debug\link.7504-cvtres.read.1.tlog
C:\Users\Sidney\Documents\Visual Studio 2012\Projects\P6320Q\P6320Q\Debug\link.7504-cvtres.write.1.tlog
C:\Users\Sidney\Documents\Visual Studio 2012\Projects\P6320Q\P6320Q\Debug\link.7504-rc.read.1.tlog
C:\Users\Sidney\Documents\Visual Studio 2012\Projects\P6320Q\P6320Q\Debug\link.7504-rc.write.1.tlog
C:\Users\Sidney\Documents\Visual Studio 2012\Projects\P6320Q\P6320Q\Debug\link.7504.read.1.tlog
C:\Users\Sidney\Documents\Visual Studio 2012\Projects\P6320Q\P6320Q\Debug\link.7504.write.1.tlog
C:\Users\Sidney\Documents\Visual Studio 2012\Projects\P6320Q\P6320Q\Debug\link.8344-cvtres.read.1.tlog
C:\Users\Sidney\Documents\Visual Studio 2012\Projects\P6320Q\P6320Q\Debug\link.8344-cvtres.write.1.tlog
C:\Users\Sidney\Documents\Visual Studio 2012\Projects\P6320Q\P6320Q\Debug\link.8344-rc.read.1.tlog
C:\Users\Sidney\Documents\Visual Studio 2012\Projects\P6320Q\P6320Q\Debug\link.8344-rc.write.1.tlog
C:\Users\Sidney\Documents\Visual Studio 2012\Projects\P6320Q\P6320Q\Debug\link.8344.read.1.tlog
C:\Users\Sidney\Documents\Visual Studio 2012\Projects\P6320Q\P6320Q\Debug\link.8344.write.1.tlog
C:\Users\Sidney\Documents\Visual Studio 2012\Projects\P6320Q\P6320Q\Debug\link.8432-cvtres.read.1.tlog
C:\Users\Sidney\Documents\Visual Studio 2012\Projects\P6320Q\P6320Q\Debug\link.8432-cvtres.write.1.tlog
C:\Users\Sidney\Documents\Visual Studio 2012\Projects\P6320Q\P6320Q\Debug\link.8432-rc.read.1.tlog
C:\Users\Sidney\Documents\Visual Studio 2012\Projects\P6320Q\P6320Q\Debug\link.8432-rc.write.1.tlog
C:\Users\Sidney\Documents\Visual Studio 2012\Projects\P6320Q\P6320Q\Debug\link.8432.read.1.tlog
C:\Users\Sidney\Documents\Visual Studio 2012\Projects\P6320Q\P6320Q\Debug\link.8432.write.1.tlog
C:\Users\Sidney\Documents\Visual Studio 2012\Projects\P6320Q\P6320Q\Debug\link.9024-cvtres.read.1.tlog
C:\Users\Sidney\Documents\Visual Studio 2012\Projects\P6320Q\P6320Q\Debug\link.9024-cvtres.write.1.tlog
C:\Users\Sidney\Documents\Visual Studio 2012\Projects\P6320Q\P6320Q\Debug\link.9024-rc.read.1.tlog
C:\Users\Sidney\Documents\Visual Studio 2012\Projects\P6320Q\P6320Q\Debug\link.9024-rc.write.1.tlog
C:\Users\Sidney\Documents\Visual Studio 2012\Projects\P6320Q\P6320Q\Debug\link.9024.read.1.tlog
C:\Users\Sidney\Documents\Visual Studio 2012\Projects\P6320Q\P6320Q\Debug\link.9024.write.1.tlog
C:\Users\Sidney\Documents\Visual Studio 2012\Projects\P6320Q\P6320Q\Debug\link.command.1.tlog
C:\Users\Sidney\Documents\Visual Studio 2012\Projects\P6320Q\P6320Q\Debug\link.read.1.tlog
C:\Users\Sidney\Documents\Visual Studio 2012\Projects\P6320Q\P6320Q\Debug\link.write.1.tlog
C:\Users\Sidney\Documents\Visual Studio 2012\Projects\P6320Q\P6320Q\Debug\P6320Q.pch
C:\Users\Sidney\Documents\Visual Studio 2012\Projects\P6320Q\P6320Q\Debug\vc110.idb
C:\Users\Sidney\Documents\Visual Studio 2012\Projects\P6320Q\P6320Q\Debug\vc110.pdb
C:\Users\Sidney\Documents\Visual Studio 2012\Projects\P6320Q\Debug\P6320Q.pdb
C:\Users\Sidney\Documents\Visual Studio 2012\Projects\P6320Q\Debug\P6320Q.exe
C:\Users\Sidney\Documents\Visual Studio 2012\Projects\P6320Q\Debug\P6320Q.ilk
